#
# An unexpected error has been detected by HotSpot Virtual Machine:
#
#  EXCEPTION_ACCESS_VIOLATION (0xc0000005) at pc=0x6d718feb, pid=3044, tid=3564
#
# Java VM: Java HotSpot(TM) Client VM (1.5.0_09-b01 mixed mode)
# Problematic frame:
# V  [jvm.dll+0x58feb]
#

---------------  T H R E A D  ---------------

Current thread (0x01d4e9c0):  VMThread [id=3564]

siginfo: ExceptionCode=0xc0000005, reading address 0x80000008

Registers:
EAX=0x80000000, EBX=0x00000000, ECX=0x80000008, EDX=0x13da81ba
ESP=0x15d7f93c, EBP=0x15d7f95c, ESI=0x1a0eaa00, EDI=0x6d83b468
EIP=0x6d718feb, EFLAGS=0x00010256

Top of Stack: (sp=0x15d7f93c)
0x15d7f93c:   6d83b468 1a0eaa00 13da43c8 13db3e00
0x15d7f94c:   6d795951 6d83b468 13db3e00 13da43c8
0x15d7f95c:   15d7f9e0 6d795b51 6d83b468 6d83b470
0x15d7f96c:   13db3e00 00000000 15d7fab8 15d7fab8
0x15d7f97c:   13da43c8 00000000 6d70dd8b 1a0c62a0
0x15d7f98c:   6d78ddf9 16631eb8 1a128a70 166ccc10
0x15d7f99c:   6d70dd8b 1a1292f0 6d739daf 6d83b470
0x15d7f9ac:   1a102018 6d7f2084 00000000 00000000 

Instructions: (pc=0x6d718feb)
0x6d718fdb:   85 c0 74 04 33 c0 eb 0e 8b 46 04 56 57 8d 48 08
0x6d718feb:   8b 40 08 ff 50 64 5f 5e c2 04 00 8d 41 04 8b 4c 


Stack: [0x15c80000,0x15d80000),  sp=0x15d7f93c,  free space=1022k
Native frames: (J=compiled Java code, j=interpreted, Vv=VM code, C=native code)
V  [jvm.dll+0x58feb]
V  [jvm.dll+0xd5b51]
V  [jvm.dll+0x50e4e]
V  [jvm.dll+0x7084d]
V  [jvm.dll+0x73ebb]
V  [jvm.dll+0x10dc75]
V  [jvm.dll+0x6f5df]
V  [jvm.dll+0x51c2e]
V  [jvm.dll+0x6f781]
V  [jvm.dll+0x128a8b]
V  [jvm.dll+0x128559]
V  [jvm.dll+0x128702]
V  [jvm.dll+0x128467]
C  [msvcrt.dll+0x2a3b0]
C  [kernel32.dll+0xb683]

VM_Operation (0x0012c098): generation collection for allocation, mode: safepoint, requested by thread 0x01d46be0


---------------  P R O C E S S  ---------------

Java Threads: ( => current thread )
  0x01d54cf0 JavaThread "Low Memory Detector" daemon [_thread_blocked, id=1196]
  0x01d53e70 JavaThread "CompilerThread0" daemon [_thread_blocked, id=3488]
  0x01d52d60 JavaThread "Signal Dispatcher" daemon [_thread_blocked, id=3392]
  0x01d50750 JavaThread "Finalizer" daemon [_thread_blocked, id=1384]
  0x01d4f6e0 JavaThread "Reference Handler" daemon [_thread_blocked, id=3960]
  0x01d46be0 JavaThread "main" [_thread_blocked, id=4060]

Other Threads:
=>0x01d4e9c0 VMThread [id=3564]
  0x01d55810 WatcherThread [id=3928]

VM state:at safepoint (normal execution)

VM Mutex/Monitor currently owned by a thread:  ([mutex/lock_event])
[0x01d451c0/0x00000688] Threads_lock - owner thread: 0x01d4e9c0
[0x01d45050/0x000006c4] Heap_lock - owner thread: 0x01d46be0

Heap
 def new generation   total 1472K, used 128K [0x160a0000, 0x16230000, 0x16580000)
  eden space 1344K,   0% used [0x160a0000, 0x160a0000, 0x161f0000)
  from space 128K, 100% used [0x16210000, 0x16230000, 0x16230000)
  to   space 128K,   0% used [0x161f0000, 0x161f0000, 0x16210000)
 tenured generation   total 19168K, used 19117K [0x16580000, 0x17838000, 0x1a0a0000)
   the space 19168K,  99% used [0x16580000, 0x1782b4f8, 0x1782b600, 0x17838000)
 compacting perm gen  total 8960K, used 8762K [0x1a0a0000, 0x1a960000, 0x1e0a0000)
   the space 8960K,  97% used [0x1a0a0000, 0x1a92eaf0, 0x1a92ec00, 0x1a960000)
No shared spaces configured.

Dynamic libraries:
0x00400000 - 0x0177d000 	C:\Program Files\Adobe\Adobe Flash CS3\Flash.exe
0x7c900000 - 0x7c9b0000 	C:\WINDOWS\system32\ntdll.dll
0x7c800000 - 0x7c8f5000 	C:\WINDOWS\system32\kernel32.dll
0x77dd0000 - 0x77e6b000 	C:\WINDOWS\system32\ADVAPI32.dll
0x77e70000 - 0x77f02000 	C:\WINDOWS\system32\RPCRT4.dll
0x77fe0000 - 0x77ff1000 	C:\WINDOWS\system32\Secur32.dll
0x77f10000 - 0x77f57000 	C:\WINDOWS\system32\GDI32.dll
0x7e410000 - 0x7e4a0000 	C:\WINDOWS\system32\USER32.dll
0x7c9c0000 - 0x7d1d6000 	C:\WINDOWS\system32\SHELL32.dll
0x77c10000 - 0x77c68000 	C:\WINDOWS\system32\msvcrt.dll
0x77f60000 - 0x77fd6000 	C:\WINDOWS\system32\SHLWAPI.dll
0x763b0000 - 0x763f9000 	C:\WINDOWS\system32\comdlg32.dll
0x773d0000 - 0x774d3000 	C:\WINDOWS\WinSxS\x86_Microsoft.Windows.Common-Controls_6595b64144ccf1df_6.0.2600.2982_x-ww_ac3f9c03\COMCTL32.dll
0x77c00000 - 0x77c08000 	C:\WINDOWS\system32\VERSION.dll
0x76b40000 - 0x76b6d000 	C:\WINDOWS\system32\WINMM.dll
0x73b50000 - 0x73b67000 	C:\WINDOWS\system32\AVIFIL32.dll
0x774e0000 - 0x7761d000 	C:\WINDOWS\system32\ole32.dll
0x77be0000 - 0x77bf5000 	C:\WINDOWS\system32\MSACM32.dll
0x75a70000 - 0x75a91000 	C:\WINDOWS\system32\MSVFW32.dll
0x76bf0000 - 0x76bfb000 	C:\WINDOWS\system32\PSAPI.DLL
0x76390000 - 0x763ad000 	C:\WINDOWS\system32\IMM32.dll
0x71ab0000 - 0x71ac7000 	C:\WINDOWS\system32\WS2_32.dll
0x71aa0000 - 0x71aa8000 	C:\WINDOWS\system32\WS2HELP.dll
0x771b0000 - 0x77256000 	C:\WINDOWS\system32\WININET.dll
0x77a80000 - 0x77b14000 	C:\WINDOWS\system32\CRYPT32.dll
0x77b20000 - 0x77b32000 	C:\WINDOWS\system32\MSASN1.dll
0x77120000 - 0x771ab000 	C:\WINDOWS\system32\OLEAUT32.dll
0x71ad0000 - 0x71ad9000 	C:\WINDOWS\system32\WSOCK32.dll
0x10000000 - 0x103b0000 	C:\Program Files\Adobe\Adobe Flash CS3\Flash Video Extension.dll
0x76380000 - 0x76385000 	C:\WINDOWS\system32\MSIMG32.dll
0x73000000 - 0x73026000 	C:\WINDOWS\system32\WINSPOOL.DRV
0x12000000 - 0x121ca000 	C:\Program Files\Adobe\Adobe Flash CS3\xerces-c_2_6.dll
0x78130000 - 0x781cb000 	C:\WINDOWS\WinSxS\x86_Microsoft.VC80.CRT_1fc8b3b9a1e18e3b_8.0.50727.762_x-ww_6b128700\MSVCR80.dll
0x7df70000 - 0x7df92000 	C:\WINDOWS\system32\oledlg.dll
0x4ec50000 - 0x4edf3000 	C:\WINDOWS\WinSxS\x86_Microsoft.Windows.GdiPlus_6595b64144ccf1df_1.0.2600.2180_x-ww_522f9f82\gdiplus.dll
0x5b860000 - 0x5b8b4000 	C:\WINDOWS\system32\NETAPI32.dll
0x01780000 - 0x01851000 	C:\Program Files\Adobe\Adobe Flash CS3\LIBEAY32.dll
0x00350000 - 0x00377000 	C:\Program Files\Adobe\Adobe Flash CS3\SSLEAY32.dll
0x629c0000 - 0x629c9000 	C:\WINDOWS\system32\LPK.DLL
0x74d90000 - 0x74dfb000 	C:\WINDOWS\system32\USP10.dll
0x02070000 - 0x0272b000 	C:\Program Files\Adobe\Adobe Flash CS3\en\Configuration\FlashResources.dll
0x74c80000 - 0x74cac000 	C:\WINDOWS\system32\OLEACC.dll
0x76080000 - 0x760e5000 	C:\WINDOWS\system32\MSVCP60.dll
0x02750000 - 0x02757000 	C:\Program Files\Logitech\MouseWare\System\LgWndHk.dll
0x74720000 - 0x7476b000 	C:\WINDOWS\system32\MSCTF.dll
0x755c0000 - 0x755ee000 	C:\WINDOWS\system32\msctfime.ime
0x028c0000 - 0x028f7000 	C:\Program Files\Adobe\Adobe Flash CS3\adobe_caps.dll
0x7c420000 - 0x7c4a7000 	C:\WINDOWS\WinSxS\x86_Microsoft.VC80.CRT_1fc8b3b9a1e18e3b_8.0.50727.762_x-ww_6b128700\MSVCP80.dll
0x77920000 - 0x77a13000 	C:\WINDOWS\system32\SETUPAPI.dll
0x77690000 - 0x776b1000 	C:\WINDOWS\system32\NTMARTA.DLL
0x76f60000 - 0x76f8c000 	C:\WINDOWS\system32\WLDAP32.dll
0x71bf0000 - 0x71c03000 	C:\WINDOWS\system32\SAMLIB.dll
0x30000000 - 0x3036f000 	C:\Program Files\Adobe\Adobe Flash CS3\en\Configuration\authplay.dll
0x76fd0000 - 0x7704f000 	C:\WINDOWS\system32\CLBCATQ.DLL
0x77050000 - 0x77115000 	C:\WINDOWS\system32\COMRes.dll
0x75cf0000 - 0x75d81000 	C:\WINDOWS\system32\mlang.dll
0x76c30000 - 0x76c5e000 	C:\WINDOWS\system32\WINTRUST.dll
0x76c90000 - 0x76cb8000 	C:\WINDOWS\system32\IMAGEHLP.dll
0x72d20000 - 0x72d29000 	C:\WINDOWS\system32\wdmaud.drv
0x72d10000 - 0x72d18000 	C:\WINDOWS\system32\msacm32.drv
0x77bd0000 - 0x77bd7000 	C:\WINDOWS\system32\midimap.dll
0x5ad70000 - 0x5ada8000 	C:\WINDOWS\system32\UxTheme.dll
0x767f0000 - 0x76817000 	C:\WINDOWS\system32\schannel.dll
0x769c0000 - 0x76a73000 	C:\WINDOWS\system32\USERENV.dll
0x76990000 - 0x769b5000 	C:\WINDOWS\system32\ntshrui.dll
0x76b20000 - 0x76b31000 	C:\WINDOWS\system32\ATL.DLL
0x20000000 - 0x202c5000 	C:\WINDOWS\system32\xpsp2res.dll
0x04060000 - 0x04097000 	C:\Program Files\Common Files\Adobe\EMLaunch.dll
0x040b0000 - 0x040fa000 	C:\Program Files\Adobe\Adobe Flash CS3\BIB.dll
0x04220000 - 0x04260000 	C:\Program Files\Adobe\Adobe Flash CS3\BIBUtils.dll
0x04280000 - 0x04356000 	C:\Program Files\Adobe\Adobe Flash CS3\ACE.dll
0x04480000 - 0x049c4000 	C:\Program Files\Adobe\Adobe Flash CS3\AGM.dll
0x049f0000 - 0x04a3f000 	C:\Program Files\Adobe\Adobe Flash CS3\ARE.dll
0x04a60000 - 0x04e17000 	C:\Program Files\Adobe\Adobe Flash CS3\MPS.dll
0x04e40000 - 0x050c5000 	C:\Program Files\Adobe\Adobe Flash CS3\CoolType.dll
0x052f0000 - 0x053f3000 	C:\Program Files\Adobe\Adobe Flash CS3\PDFPort.dll
0x05410000 - 0x05885000 	C:\Program Files\Adobe\Adobe Flash CS3\AdobePDFL.dll
0x058a0000 - 0x05902000 	C:\Program Files\Adobe\Adobe Flash CS3\AdobeXMP.dll
0x05920000 - 0x0598f000 	C:\Program Files\Adobe\Adobe Flash CS3\JP2KLib.dll
0x71b20000 - 0x71b32000 	C:\WINDOWS\system32\MPR.dll
0x059a0000 - 0x059cd000 	C:\Program Files\Adobe\Adobe Flash CS3\AXE8SharedExpat.dll
0x05c70000 - 0x05d4e000 	C:\Program Files\Adobe\Adobe Flash CS3\AdobeOwl.dll
0x06600000 - 0x06645000 	C:\Program Files\Adobe\Adobe Flash CS3\en\Configuration\External Libraries\FLBridge.dll
0x06650000 - 0x06667000 	C:\Program Files\Adobe\Adobe Flash CS3\en\Configuration\External Libraries\FLfile.dll
0x06690000 - 0x0669b000 	C:\Program Files\Common Files\Logitech\Scrolling\LgMsgHk.dll
0x76ee0000 - 0x76f1c000 	C:\WINDOWS\system32\RASAPI32.DLL
0x76e90000 - 0x76ea2000 	C:\WINDOWS\system32\rasman.dll
0x76eb0000 - 0x76edf000 	C:\WINDOWS\system32\TAPI32.dll
0x76e80000 - 0x76e8e000 	C:\WINDOWS\system32\rtutils.dll
0x77c70000 - 0x77c93000 	C:\WINDOWS\system32\msv1_0.dll
0x76d60000 - 0x76d79000 	C:\WINDOWS\system32\iphlpapi.dll
0x722b0000 - 0x722b5000 	C:\WINDOWS\system32\sensapi.dll
0x73bc0000 - 0x73bc6000 	C:\WINDOWS\system32\dciman32.dll
0x7e1e0000 - 0x7e280000 	C:\WINDOWS\system32\urlmon.dll
0x71a50000 - 0x71a8f000 	C:\WINDOWS\System32\mswsock.dll
0x76f20000 - 0x76f47000 	C:\WINDOWS\system32\DNSAPI.dll
0x16080000 - 0x16099000 	C:\Program Files\Bonjour\mdnsNSP.dll
0x76fc0000 - 0x76fc6000 	C:\WINDOWS\system32\rasadhlp.dll
0x662b0000 - 0x66308000 	C:\WINDOWS\system32\hnetcfg.dll
0x71a90000 - 0x71a98000 	C:\WINDOWS\System32\wshtcpip.dll
0x066f0000 - 0x06751000 	C:\Program Files\Adobe\Adobe Flash CS3\adobe_epic.dll
0x072c0000 - 0x07319000 	C:\Program Files\Adobe\Adobe Flash CS3\adobe_eula.dll
0x07350000 - 0x073aa000 	C:\Program Files\Adobe\Adobe Flash CS3\adobe_personalization.dll
0x0fae0000 - 0x0fd56000 	C:\Program Files\Adobe\Adobe Flash CS3\AdobeLM_libFNP.dll
0x71f60000 - 0x71f68000 	C:\WINDOWS\system32\snmpapi.dll
0x0ffd0000 - 0x0fff8000 	C:\WINDOWS\system32\rsaenh.dll
0x76fb0000 - 0x76fb8000 	C:\WINDOWS\System32\winrnr.dll
0x751d0000 - 0x751ee000 	C:\WINDOWS\system32\wshbth.dll
0x77b40000 - 0x77b62000 	C:\WINDOWS\system32\appHelp.dll
0x11d00000 - 0x11d84000 	C:\Program Files\TortoiseSVN\bin\tortoisesvn.dll
0x6eec0000 - 0x6eee2000 	C:\Program Files\TortoiseSVN\bin\libapr_tsvn.dll
0x6ee60000 - 0x6ee89000 	C:\Program Files\TortoiseSVN\bin\libaprutil_tsvn.dll
0x6ee50000 - 0x6ee5e000 	C:\Program Files\TortoiseSVN\bin\libapriconv_tsvn.dll
0x0ffc0000 - 0x0ffcc000 	C:\Program Files\TortoiseSVN\bin\intl3_svn.dll
0x76780000 - 0x76789000 	C:\WINDOWS\system32\SHFOLDER.dll
0x6ee40000 - 0x6ee46000 	C:\Program Files\TortoiseSVN\iconv\_tbl_simple.so
0x6e060000 - 0x6e067000 	C:\Program Files\TortoiseSVN\iconv\windows-1252.so
0x6ed50000 - 0x6ed56000 	C:\Program Files\TortoiseSVN\iconv\utf-8.so
0x74290000 - 0x74294000 	C:\WINDOWS\system32\icmp.Dll
0x11f30000 - 0x11f89000 	C:\Program Files\Adobe\Adobe Flash CS3\adobe_registration.dll
0x121d0000 - 0x1224e000 	C:\Program Files\Adobe\Adobe Flash CS3\AdobeUpdater.dll
0x6d6c0000 - 0x6d85b000 	C:\Program Files\Adobe\Adobe Flash CS3\JVM\bin\client\jvm.dll
0x6d280000 - 0x6d288000 	C:\Program Files\Adobe\Adobe Flash CS3\JVM\bin\hpi.dll
0x6d690000 - 0x6d69c000 	C:\Program Files\Adobe\Adobe Flash CS3\JVM\bin\verify.dll
0x6d300000 - 0x6d31d000 	C:\Program Files\Adobe\Adobe Flash CS3\JVM\bin\java.dll
0x6d6b0000 - 0x6d6bf000 	C:\Program Files\Adobe\Adobe Flash CS3\JVM\bin\zip.dll
0x66800000 - 0x674e7000 	C:\Program Files\QuickTime\QTSystem\QuickTime.qts
0x73f10000 - 0x73f6c000 	C:\WINDOWS\system32\DSOUND.dll

VM Arguments:
jvm_args: -Djava.library.path=C:\Program Files\Adobe\Adobe Flash CS3\JVM\bin -Djava.Home=C:\Program Files\Adobe\Adobe Flash CS3\JVM -Xbootclasspath/a:;.;C:\Program Files\Java\jre1.6.0_01\lib\ext\QTJava.zip
java_command: <unknown>
Launcher Type: generic

Environment Variables:
CLASSPATH=.;C:\Program Files\Java\jre1.6.0_01\lib\ext\QTJava.zip
PATH=C:\WINDOWS\system32;C:\WINDOWS;C:\WINDOWS\System32\Wbem;C:\Program Files\QuickTime\QTSystem\;C:\Program Files\mysql5\bin
USERNAME=Lasse Holmstedt
OS=Windows_NT
PROCESSOR_IDENTIFIER=x86 Family 6 Model 15 Stepping 6, GenuineIntel



---------------  S Y S T E M  ---------------

OS: Windows XP Build 2600 Service Pack 2

CPU:total 2 (cores per cpu 2, threads per core 1) family 6 model 15 stepping 6, cmov, cx8, fxsr, mmx, sse, sse2

Memory: 4k page, physical 1015900k(265172k free), swap 2445668k(1530276k free)

vm_info: Java HotSpot(TM) Client VM (1.5.0_09-b01) for windows-x86, built on Sep  7 2006 13:59:31 by "java_re" with MS VC++ 6.0

